[debug] [2022-08-09T08:43:59.665Z] ----------------------------------------------------------------------
[debug] [2022-08-09T08:43:59.669Z] Command:       E:\DELL\NodeJs\node.exe C:\Users\DELL\AppData\Roaming\npm\node_modules\firebase-tools\lib\bin\firebase.js init
[debug] [2022-08-09T08:43:59.669Z] CLI Version:   11.5.0
[debug] [2022-08-09T08:43:59.669Z] Platform:      win32
[debug] [2022-08-09T08:43:59.669Z] Node Version:  v16.16.0
[debug] [2022-08-09T08:43:59.672Z] Time:          Tue Aug 09 2022 15:43:59 GMT+0700 (Indochina Time)
[debug] [2022-08-09T08:43:59.672Z] ----------------------------------------------------------------------
[debug] 
[debug] [2022-08-09T08:43:59.689Z] > command requires scopes: ["email","openid","https://www.googleapis.com/auth/cloudplatformprojects.readonly","https://www.googleapis.com/auth/firebase","https://www.googleapis.com/auth/cloud-platform"]
[debug] [2022-08-09T08:43:59.689Z] > authorizing via signed-in user (khang.nv182000@gmail.com)
[info] 
     ######## #### ########  ######## ########     ###     ######  ########
     ##        ##  ##     ## ##       ##     ##  ##   ##  ##       ##
     ######    ##  ########  ######   ########  #########  ######  ######
     ##        ##  ##    ##  ##       ##     ## ##     ##       ## ##
     ##       #### ##     ## ######## ########  ##     ##  ######  ########

You're about to initialize a Firebase project in this directory:

  F:\File-Project\VisualStudioCode\React\Library_example\test-firebase

[info] 
=== Project Setup
[info] 
[info] First, let's associate this project directory with a Firebase project.
[info] You can create multiple project aliases by running firebase use --add, 
[info] but for now we'll just set up a default project.
[info] 
[debug] [2022-08-09T08:44:14.413Z] >>> [apiv2][query] GET https://firebase.googleapis.com/v1beta1/projects pageSize=100
[debug] [2022-08-09T08:44:15.029Z] <<< [apiv2][status] GET https://firebase.googleapis.com/v1beta1/projects 200
[debug] [2022-08-09T08:44:15.029Z] <<< [apiv2][body] GET https://firebase.googleapis.com/v1beta1/projects [omitted]
[info] i  Using project project-test-react-bcd2e (project-test-react) 
[info] 
=== Hosting Setup
[info] 
[info] Your public directory is the folder (relative to your project directory) that
[info] will contain Hosting assets to be uploaded with firebase deploy. If you
[info] have a build process for your assets, use your build's output directory.
[info] 
[info] +  Wrote build/404.html 
[debug] [2022-08-09T08:46:45.122Z] >>> [apiv2][query] GET https://www.gstatic.com/firebasejs/releases.json [none]
[debug] [2022-08-09T08:46:45.277Z] <<< [apiv2][status] GET https://www.gstatic.com/firebasejs/releases.json 200
[debug] [2022-08-09T08:46:45.278Z] <<< [apiv2][body] GET https://www.gstatic.com/firebasejs/releases.json {"current":{"version":"9.9.2","browserURL":"https://www.gstatic.com/firebasejs/9.9.2/firebase.js","packageURL":"https://www.gstatic.com/firebasejs/9.9.2/firebase.tgz"},"live":{"version":"9.9","browserURL":"https://www.gstatic.com/firebasejs/live/9.9/firebase.js","packageURL":"https://www.gstatic.com/firebasejs/live/9.9/firebase.tgz"},"components":{"analytics":"https://www.gstatic.com/firebasejs/9.9.2/firebase-analytics.js","app":"https://www.gstatic.com/firebasejs/9.9.2/firebase-app.js","app-check":"https://www.gstatic.com/firebasejs/9.9.2/firebase-app-check.js","auth":"https://www.gstatic.com/firebasejs/9.9.2/firebase-auth.js","auth/cordova":"https://www.gstatic.com/firebasejs/9.9.2/firebase-auth/cordova.js","auth/react-native":"https://www.gstatic.com/firebasejs/9.9.2/firebase-auth/react-native.js","functions":"https://www.gstatic.com/firebasejs/9.9.2/firebase-functions.js","firestore":"https://www.gstatic.com/firebasejs/9.9.2/firebase-firestore.js","firestore/lite":"https://www.gstatic.com/firebasejs/9.9.2/firebase-firestore/lite.js","installations":"https://www.gstatic.com/firebasejs/9.9.2/firebase-installations.js","storage":"https://www.gstatic.com/firebasejs/9.9.2/firebase-storage.js","performance":"https://www.gstatic.com/firebasejs/9.9.2/firebase-performance.js","remote-config":"https://www.gstatic.com/firebasejs/9.9.2/firebase-remote-config.js","messaging":"https://www.gstatic.com/firebasejs/9.9.2/firebase-messaging.js","messaging/sw":"https://www.gstatic.com/firebasejs/9.9.2/firebase-messaging/sw.js","database":"https://www.gstatic.com/firebasejs/9.9.2/firebase-database.js","firestore.memory":"https://www.gstatic.com/firebasejs/9.9.2/firebase-firestore.memory.js"}}
[info] i  Skipping write of build/index.html 
[info] 
[info] i  Detected a .git folder at F:\File-Project\VisualStudioCode\React\Library_example\test-firebase 
[info] i  Authorizing with GitHub to upload your service account to a GitHub repository's secrets store. 
[info] 
[info] Visit this URL on this device to log in:
[info] https://github.com/login/oauth/authorize?client_id=89cf50f02ac6aaed3484&state=382817699&redirect_uri=http%3A%2F%2Flocalhost%3A9005&scope=read%3Auser%20repo%20public_repo
[info] 
[info] Waiting for authentication...
[debug] [2022-08-09T08:47:08.186Z] >>> [apiv2][query] POST https://github.com/login/oauth/access_token [none]
[debug] [2022-08-09T08:47:08.186Z] >>> [apiv2][body] POST https://github.com/login/oauth/access_token [stream]
[debug] [2022-08-09T08:47:08.970Z] <<< [apiv2][status] POST https://github.com/login/oauth/access_token 200
[debug] [2022-08-09T08:47:08.970Z] <<< [apiv2][body] POST https://github.com/login/oauth/access_token {"access_token":"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","token_type":"bearer","scope":"read:user,repo"}
[debug] [2022-08-09T08:47:08.980Z] >>> [apiv2][query] GET https://api.github.com/user [none]
[debug] [2022-08-09T08:47:09.539Z] <<< [apiv2][status] GET https://api.github.com/user 200
[debug] [2022-08-09T08:47:09.539Z] <<< [apiv2][body] GET https://api.github.com/user {"login":"NguyenKhang1202","id":82315973,"node_id":"MDQ6VXNlcjgyMzE1OTcz","avatar_url":"https://avatars.githubusercontent.com/u/82315973?v=4","gravatar_id":"","url":"https://api.github.com/users/NguyenKhang1202","html_url":"https://github.com/NguyenKhang1202","followers_url":"https://api.github.com/users/NguyenKhang1202/followers","following_url":"https://api.github.com/users/NguyenKhang1202/following{/other_user}","gists_url":"https://api.github.com/users/NguyenKhang1202/gists{/gist_id}","starred_url":"https://api.github.com/users/NguyenKhang1202/starred{/owner}{/repo}","subscriptions_url":"https://api.github.com/users/NguyenKhang1202/subscriptions","organizations_url":"https://api.github.com/users/NguyenKhang1202/orgs","repos_url":"https://api.github.com/users/NguyenKhang1202/repos","events_url":"https://api.github.com/users/NguyenKhang1202/events{/privacy}","received_events_url":"https://api.github.com/users/NguyenKhang1202/received_events","type":"User","site_admin":false,"name":"Nguyễn Văn Khang","company":null,"blog":"","location":null,"email":null,"hireable":null,"bio":null,"twitter_username":null,"public_repos":9,"public_gists":0,"followers":1,"following":1,"created_at":"2021-04-11T10:54:39Z","updated_at":"2022-08-03T10:37:55Z","private_gists":1,"total_private_repos":12,"owned_private_repos":12,"disk_usage":173749,"collaborators":1,"two_factor_authentication":false,"plan":{"name":"free","space":976562499,"collaborators":0,"private_repos":10000}}
[info] 
[info] +  Success! Logged into GitHub as NguyenKhang1202 
[info] 
